0 info it worked if it ends with ok
1 verbose cli [ '/usr/bin/node',
1 verbose cli   '/usr/bin/npm',
1 verbose cli   'install',
1 verbose cli   'grunt-template-jasmine-require',
1 verbose cli   '--save-dev' ]
2 info using npm@1.4.28
3 info using node@v0.10.37
4 verbose node symlink /usr/bin/node
5 warn package.json kine@ No description
6 warn package.json kine@ No repository field.
7 warn package.json kine@ No README data
8 verbose readDependencies using package.json deps
9 verbose cache add [ 'grunt-template-jasmine-require', null ]
10 verbose cache add name=undefined spec="grunt-template-jasmine-require" args=["grunt-template-jasmine-require",null]
11 verbose parsed url { protocol: null,
11 verbose parsed url   slashes: null,
11 verbose parsed url   auth: null,
11 verbose parsed url   host: null,
11 verbose parsed url   port: null,
11 verbose parsed url   hostname: null,
11 verbose parsed url   hash: null,
11 verbose parsed url   search: null,
11 verbose parsed url   query: null,
11 verbose parsed url   pathname: 'grunt-template-jasmine-require',
11 verbose parsed url   path: 'grunt-template-jasmine-require',
11 verbose parsed url   href: 'grunt-template-jasmine-require' }
12 silly lockFile ea621315-grunt-template-jasmine-require grunt-template-jasmine-require
13 verbose lock grunt-template-jasmine-require /home/hirofumi/.npm/ea621315-grunt-template-jasmine-require.lock
14 silly lockFile ea621315-grunt-template-jasmine-require grunt-template-jasmine-require
15 silly lockFile ea621315-grunt-template-jasmine-require grunt-template-jasmine-require
16 verbose addNamed [ 'grunt-template-jasmine-require', '' ]
17 verbose addNamed [ null, '*' ]
18 silly lockFile 09cb0cac-grunt-template-jasmine-require grunt-template-jasmine-require@
19 verbose lock grunt-template-jasmine-require@ /home/hirofumi/.npm/09cb0cac-grunt-template-jasmine-require.lock
20 silly addNameRange { name: 'grunt-template-jasmine-require',
20 silly addNameRange   range: '*',
20 silly addNameRange   hasData: false }
21 verbose request where is /grunt-template-jasmine-require
22 verbose request registry https://registry.npmjs.org/
23 verbose request id d56608d341fb5191
24 verbose url raw /grunt-template-jasmine-require
25 verbose url resolving [ 'https://registry.npmjs.org/',
25 verbose url resolving   './grunt-template-jasmine-require' ]
26 verbose url resolved https://registry.npmjs.org/grunt-template-jasmine-require
27 verbose request where is https://registry.npmjs.org/grunt-template-jasmine-require
28 info trying registry request attempt 1 at 15:08:12
29 http GET https://registry.npmjs.org/grunt-template-jasmine-require
30 http 404 https://registry.npmjs.org/grunt-template-jasmine-require
31 verbose headers { server: 'CouchDB/1.5.0 (Erlang OTP/R16B03)',
31 verbose headers   'content-type': 'application/json',
31 verbose headers   'cache-control': 'max-age=0',
31 verbose headers   'content-length': '51',
31 verbose headers   'accept-ranges': 'bytes',
31 verbose headers   date: 'Thu, 04 Jun 2015 06:08:11 GMT',
31 verbose headers   via: '1.1 varnish',
31 verbose headers   age: '0',
31 verbose headers   connection: 'keep-alive',
31 verbose headers   'x-served-by': 'cache-nrt6123-NRT',
31 verbose headers   'x-cache': 'MISS',
31 verbose headers   'x-cache-hits': '0',
31 verbose headers   'x-timer': 'S1433398091.384564,VS0,VE111' }
32 silly registry.get cb [ 404,
32 silly registry.get   { server: 'CouchDB/1.5.0 (Erlang OTP/R16B03)',
32 silly registry.get     'content-type': 'application/json',
32 silly registry.get     'cache-control': 'max-age=0',
32 silly registry.get     'content-length': '51',
32 silly registry.get     'accept-ranges': 'bytes',
32 silly registry.get     date: 'Thu, 04 Jun 2015 06:08:11 GMT',
32 silly registry.get     via: '1.1 varnish',
32 silly registry.get     age: '0',
32 silly registry.get     connection: 'keep-alive',
32 silly registry.get     'x-served-by': 'cache-nrt6123-NRT',
32 silly registry.get     'x-cache': 'MISS',
32 silly registry.get     'x-cache-hits': '0',
32 silly registry.get     'x-timer': 'S1433398091.384564,VS0,VE111' } ]
33 silly lockFile 09cb0cac-grunt-template-jasmine-require grunt-template-jasmine-require@
34 silly lockFile 09cb0cac-grunt-template-jasmine-require grunt-template-jasmine-require@
35 error 404 404 Not Found: grunt-template-jasmine-require
35 error 404
35 error 404 'grunt-template-jasmine-require' is not in the npm registry.
35 error 404 You should bug the author to publish it
35 error 404 It was specified as a dependency of 'kine'
35 error 404
35 error 404 Note that you can also install from a
35 error 404 tarball, folder, or http url, or git url.
36 error System Linux 3.13.0-53-generic
37 error command "/usr/bin/node" "/usr/bin/npm" "install" "grunt-template-jasmine-require" "--save-dev"
38 error cwd /home/hirofumi/javascript/kine
39 error node -v v0.10.37
40 error npm -v 1.4.28
41 error code E404
42 verbose exit [ 1, true ]
